Using pre-set license
Built from '2021.2/staging' branch; Version is '2021.2.9f1 (921b45a28ab6) revision 9575237'; Using compiler version '192829333'; Build Type 'Release'
OS: 'Windows 10  (10.0.19044) 64bit Professional' Language: 'es' Physical Memory: 32694 MB
BatchMode: 1, IsHumanControllingUs: 0, StartBugReporterOnCrash: 0, Is64bit: 1, IsPro: 0

COMMAND LINE ARGUMENTS:
C:\Program Files\Unity\Hub\Editor\2021.2.9f1\Editor\Unity.exe
-adb2
-batchMode
-noUpm
-name
AssetImportWorker7
-projectPath
C:/Users/hrswf/OneDrive/Docs/Creative/Unity/Let_It_Bee
-logFile
Logs/AssetImportWorker7.log
-srvPort
52263
Successfully changed project path to: C:/Users/hrswf/OneDrive/Docs/Creative/Unity/Let_It_Bee
C:/Users/hrswf/OneDrive/Docs/Creative/Unity/Let_It_Bee
[UnityMemory] Configuration Parameters - Can be set up in boot.config
    "memorysetup-bucket-allocator-granularity=16"
    "memorysetup-bucket-allocator-bucket-count=8"
    "memorysetup-bucket-allocator-block-size=33554432"
    "memorysetup-bucket-allocator-block-count=8"
    "memorysetup-main-allocator-block-size=16777216"
    "memorysetup-thread-allocator-block-size=16777216"
    "memorysetup-gfx-main-allocator-block-size=16777216"
    "memorysetup-gfx-thread-allocator-block-size=16777216"
    "memorysetup-cache-allocator-block-size=4194304"
    "memorysetup-typetree-allocator-block-size=2097152"
    "memorysetup-profiler-bucket-allocator-granularity=16"
    "memorysetup-profiler-bucket-allocator-bucket-count=8"
    "memorysetup-profiler-bucket-allocator-block-size=33554432"
    "memorysetup-profiler-bucket-allocator-block-count=8"
    "memorysetup-profiler-allocator-block-size=16777216"
    "memorysetup-profiler-editor-allocator-block-size=1048576"
    "memorysetup-temp-allocator-size-main=16777216"
    "memorysetup-job-temp-allocator-block-size=2097152"
    "memorysetup-job-temp-allocator-block-size-background=1048576"
    "memorysetup-job-temp-allocator-reduction-small-platforms=262144"
    "memorysetup-temp-allocator-size-background-worker=32768"
    "memorysetup-temp-allocator-size-job-worker=262144"
    "memorysetup-temp-allocator-size-preload-manager=33554432"
    "memorysetup-temp-allocator-size-nav-mesh-worker=65536"
    "memorysetup-temp-allocator-size-audio-worker=65536"
    "memorysetup-temp-allocator-size-cloud-worker=32768"
    "memorysetup-temp-allocator-size-gi-baking-worker=262144"
    "memorysetup-temp-allocator-size-gfx=262144"
Refreshing native plugins compatible for Editor in 68.47 ms, found 5 plugins.
Preloading 0 native plugins for Editor in 0.00 ms.
Initialize engine version: 2021.2.9f1 (921b45a28ab6)
[Subsystems] Discovering subsystems at path C:/Program Files/Unity/Hub/Editor/2021.2.9f1/Editor/Data/Resources/UnitySubsystems
[Subsystems] Discovering subsystems at path C:/Users/hrswf/OneDrive/Docs/Creative/Unity/Let_It_Bee/Assets
GfxDevice: creating device client; threaded=0; jobified=0
Direct3D:
    Version:  Direct3D 11.0 [level 11.1]
    Renderer: NVIDIA GeForce RTX 3070 (ID=0x2484)
    Vendor:   NVIDIA
    VRAM:     8043 MB
    Driver:   30.0.14.9729
Shader 'MoreMountains/MMRipple': fallback shader 'Particle/AlphaBlended' not found
Initialize mono
Mono path[0] = 'C:/Program Files/Unity/Hub/Editor/2021.2.9f1/Editor/Data/Managed'
Mono path[1] = 'C:/Program Files/Unity/Hub/Editor/2021.2.9f1/Editor/Data/MonoBleedingEdge/lib/mono/unityjit-win32'
Mono config path = 'C:/Program Files/Unity/Hub/Editor/2021.2.9f1/Editor/Data/MonoBleedingEdge/etc'
Using monoOptions --debugger-agent=transport=dt_socket,embedding=1,server=y,suspend=n,address=127.0.0.1:56168
Begin MonoManager ReloadAssembly
Registering precompiled unity dll's ...
Register platform support module: C:/Program Files/Unity/Hub/Editor/2021.2.9f1/Editor/Data/PlaybackEngines/WebGLSupport/UnityEditor.WebGL.Extensions.dll
Register platform support module: C:/Program Files/Unity/Hub/Editor/2021.2.9f1/Editor/Data/PlaybackEngines/WindowsStandaloneSupport/UnityEditor.WindowsStandalone.Extensions.dll
Registered in 0.008280 seconds.
Native extension for WindowsStandalone target not found
Native extension for WebGL target not found
Refreshing native plugins compatible for Editor in 65.36 ms, found 5 plugins.
Preloading 0 native plugins for Editor in 0.00 ms.
Mono: successfully reloaded assembly
- Completed reload, in  0.476 seconds
Domain Reload Profiling:
	ReloadAssembly (477ms)
		BeginReloadAssembly (68ms)
			ExecutionOrderSort (0ms)
			DisableScriptedObjects (0ms)
			BackupInstance (0ms)
			ReleaseScriptingObjects (0ms)
			CreateAndSetChildDomain (1ms)
		EndReloadAssembly (344ms)
			LoadAssemblies (66ms)
			RebuildTransferFunctionScriptingTraits (0ms)
			SetupTypeCache (69ms)
			ReleaseScriptCaches (0ms)
			RebuildScriptCaches (19ms)
			SetupLoadedEditorAssemblies (217ms)
				LogAssemblyErrors (0ms)
				InitializePlatformSupportModulesInManaged (14ms)
				SetLoadedEditorAssemblies (0ms)
				RefreshPlugins (66ms)
				BeforeProcessingInitializeOnLoad (1ms)
				ProcessInitializeOnLoadAttributes (104ms)
				ProcessInitializeOnLoadMethodAttributes (32ms)
				AfterProcessingInitializeOnLoad (0ms)
				EditorAssembliesLoaded (0ms)
			ExecutionOrderSort2 (0ms)
			AwakeInstancesAfterBackupRestoration (0ms)
Platform modules already initialized, skipping
Registering precompiled user dll's ...
Registered in 0.010383 seconds.
Begin MonoManager ReloadAssembly
Native extension for WindowsStandalone target not found
Native extension for WebGL target not found
Refreshing native plugins compatible for Editor in 65.27 ms, found 5 plugins.
Preloading 0 native plugins for Editor in 0.00 ms.
Mono: successfully reloaded assembly
- Completed reload, in  1.257 seconds
Domain Reload Profiling:
	ReloadAssembly (1294ms)
		BeginReloadAssembly (132ms)
			ExecutionOrderSort (0ms)
			DisableScriptedObjects (5ms)
			BackupInstance (0ms)
			ReleaseScriptingObjects (0ms)
			CreateAndSetChildDomain (18ms)
		EndReloadAssembly (1086ms)
			LoadAssemblies (101ms)
			RebuildTransferFunctionScriptingTraits (0ms)
			SetupTypeCache (180ms)
			ReleaseScriptCaches (1ms)
			RebuildScriptCaches (54ms)
			SetupLoadedEditorAssemblies (725ms)
				LogAssemblyErrors (0ms)
				InitializePlatformSupportModulesInManaged (10ms)
				SetLoadedEditorAssemblies (0ms)
				RefreshPlugins (65ms)
				BeforeProcessingInitializeOnLoad (88ms)
				ProcessInitializeOnLoadAttributes (485ms)
				ProcessInitializeOnLoadMethodAttributes (68ms)
				AfterProcessingInitializeOnLoad (8ms)
				EditorAssembliesLoaded (0ms)
			ExecutionOrderSort2 (0ms)
			AwakeInstancesAfterBackupRestoration (4ms)
Platform modules already initialized, skipping
========================================================================
Worker process is ready to serve import requests
Shader 'MoreMountains/MMRipple': fallback shader 'Particle/AlphaBlended' not found
Launched and connected shader compiler UnityShaderCompiler.exe after 0.03 seconds
Refreshing native plugins compatible for Editor in 1.10 ms, found 5 plugins.
Preloading 0 native plugins for Editor in 0.00 ms.
Unloading 4903 Unused Serialized files (Serialized files now loaded: 0)
Unloading 71 unused Assets / (0.6 MB). Loaded Objects now: 5344.
Memory consumption went from 281.8 MB to 281.2 MB.
Total: 3.745500 ms (FindLiveObjects: 0.288000 ms CreateObjectMapping: 0.117400 ms MarkObjects: 3.077400 ms  DeleteObjects: 0.262000 ms)

AssetImportParameters requested are different than current active one (requested -> active):
  custom:video-decoder-ogg-theora: a1e56fd34408186e4bbccfd4996cb3dc -> 
  custom:container-muxer-webm: aa71ff27fc2769a1b78a27578f13a17b -> 
  custom:container-demuxer-webm: 4f35f7cbe854078d1ac9338744f61a02 -> 
  custom:video-encoder-webm-vp8: eb34c28f22e8b96e1ab97ce403110664 -> 
  custom:audio-encoder-webm-vorbis: bf7c407c2cedff20999df2af8eb42d56 -> 
  custom:framework-win-MediaFoundation: 216162199b28c13a410421893ffa2e32 -> 
  custom:container-demuxer-ogg: 62fdf1f143b41e24485cea50d1cbac27 -> 
  custom:video-decoder-webm-vp8: 9c59270c3fd7afecdb556c50c9e8de78 -> 
  custom:audio-decoder-ogg-vorbis: bf7c407c2cedff20999df2af8eb42d56 -> 
========================================================================
Received Import Request.
  Time since last request: 137083.416136 seconds.
  path: Assets/05 Assets/pixel-line-platformer/Tiles/tile_0030.png
  artifactKey: Guid(a292368652f5d88449b84bc7b97b9021) Importer(815301076,1909f56bfc062723c751e8b465ee728b)
Start importing Assets/05 Assets/pixel-line-platformer/Tiles/tile_0030.png using Guid(a292368652f5d88449b84bc7b97b9021) Importer(815301076,1909f56bfc062723c751e8b465ee728b)  -> (artifact id: '5436feb99b5d3b1df0d82c4ed795a8b8') in 0.170150 seconds 
========================================================================
Received Import Request.
  Time since last request: 0.000018 seconds.
  path: Assets/05 Assets/pixel-line-platformer/Tiles/tile_0052.png
  artifactKey: Guid(bcd092387b907754b812a657cee310ca) Importer(815301076,1909f56bfc062723c751e8b465ee728b)
Start importing Assets/05 Assets/pixel-line-platformer/Tiles/tile_0052.png using Guid(bcd092387b907754b812a657cee310ca) Importer(815301076,1909f56bfc062723c751e8b465ee728b)  -> (artifact id: '7e1c5b5d9fae792acce9cc9a715345f7') in 0.063554 seconds 
========================================================================
Received Import Request.
  Time since last request: 0.000029 seconds.
  path: Assets/05 Assets/pixel-line-platformer/Tiles/tile_0031.png
  artifactKey: Guid(ae5e44fcc8b705949ac0f599be4e5cad) Importer(815301076,1909f56bfc062723c751e8b465ee728b)
Start importing Assets/05 Assets/pixel-line-platformer/Tiles/tile_0031.png using Guid(ae5e44fcc8b705949ac0f599be4e5cad) Importer(815301076,1909f56bfc062723c751e8b465ee728b)  -> (artifact id: 'b5446640ec72f6fabc8337c996749b73') in 0.014919 seconds 
========================================================================
Received Import Request.
  Time since last request: 0.000015 seconds.
  path: Assets/05 Assets/pixel-line-platformer/Tiles/tile_0042.png
  artifactKey: Guid(e148bbe8429b349439e5d2ef503d9c33) Importer(815301076,1909f56bfc062723c751e8b465ee728b)
Start importing Assets/05 Assets/pixel-line-platformer/Tiles/tile_0042.png using Guid(e148bbe8429b349439e5d2ef503d9c33) Importer(815301076,1909f56bfc062723c751e8b465ee728b)  -> (artifact id: 'ffbad930c5458a6b3e6662ff830d6d79') in 0.012962 seconds 
========================================================================
Received Import Request.
  Time since last request: 0.000024 seconds.
  path: Assets/05 Assets/pixel-line-platformer/Tiles/tile_0050.png
  artifactKey: Guid(86e603557d0cfdf49abf1690028f19e3) Importer(815301076,1909f56bfc062723c751e8b465ee728b)
Start importing Assets/05 Assets/pixel-line-platformer/Tiles/tile_0050.png using Guid(86e603557d0cfdf49abf1690028f19e3) Importer(815301076,1909f56bfc062723c751e8b465ee728b)  -> (artifact id: '1b6b3e84b60dcfed1434a5d711588d26') in 0.038324 seconds 
========================================================================
Received Import Request.
  Time since last request: 0.000017 seconds.
  path: Assets/05 Assets/pixel-line-platformer/Tiles/tile_0047.png
  artifactKey: Guid(9efff05fa716d80448e51b490ef39e23) Importer(815301076,1909f56bfc062723c751e8b465ee728b)
Start importing Assets/05 Assets/pixel-line-platformer/Tiles/tile_0047.png using Guid(9efff05fa716d80448e51b490ef39e23) Importer(815301076,1909f56bfc062723c751e8b465ee728b)  -> (artifact id: 'f71a636bc8dafa707dba2ef8e3e57466') in 0.012133 seconds 
========================================================================
Received Import Request.
  Time since last request: 0.000021 seconds.
  path: Assets/05 Assets/pixel-line-platformer/Tiles/tile_0056.png
  artifactKey: Guid(257b8ef4a4518e649977c37542fe3bca) Importer(815301076,1909f56bfc062723c751e8b465ee728b)
Start importing Assets/05 Assets/pixel-line-platformer/Tiles/tile_0056.png using Guid(257b8ef4a4518e649977c37542fe3bca) Importer(815301076,1909f56bfc062723c751e8b465ee728b)  -> (artifact id: 'f4bfebc5ce328bed0c358281ef1a6642') in 0.043759 seconds 
========================================================================
Received Import Request.
  Time since last request: 0.000018 seconds.
  path: Assets/05 Assets/pixel-line-platformer/Tiles/tile_0059.png
  artifactKey: Guid(2e116f0b1bc243f48a53333e95e67aa7) Importer(815301076,1909f56bfc062723c751e8b465ee728b)
Start importing Assets/05 Assets/pixel-line-platformer/Tiles/tile_0059.png using Guid(2e116f0b1bc243f48a53333e95e67aa7) Importer(815301076,1909f56bfc062723c751e8b465ee728b)  -> (artifact id: '0e5162431d013220ade1765919cf2670') in 0.014942 seconds 
========================================================================
Received Import Request.
  Time since last request: 0.000024 seconds.
  path: Assets/05 Assets/pixel-line-platformer/Tiles/tile_0044.png
  artifactKey: Guid(94c379d3e7e6c794494f66a54882f4b5) Importer(815301076,1909f56bfc062723c751e8b465ee728b)
Start importing Assets/05 Assets/pixel-line-platformer/Tiles/tile_0044.png using Guid(94c379d3e7e6c794494f66a54882f4b5) Importer(815301076,1909f56bfc062723c751e8b465ee728b)  -> (artifact id: '081bc19acd408f2bbcb02abe4ea88640') in 0.025133 seconds 
