Using pre-set license
Built from '2021.2/staging' branch; Version is '2021.2.9f1 (921b45a28ab6) revision 9575237'; Using compiler version '192829333'; Build Type 'Release'
OS: 'Windows 10  (10.0.19044) 64bit Professional' Language: 'es' Physical Memory: 32694 MB
BatchMode: 1, IsHumanControllingUs: 0, StartBugReporterOnCrash: 0, Is64bit: 1, IsPro: 0

COMMAND LINE ARGUMENTS:
C:\Program Files\Unity\Hub\Editor\2021.2.9f1\Editor\Unity.exe
-adb2
-batchMode
-noUpm
-name
AssetImportWorker6
-projectPath
C:/Users/hrswf/OneDrive/Docs/Creative/Unity/Let_It_Bee
-logFile
Logs/AssetImportWorker6.log
-srvPort
52263
Successfully changed project path to: C:/Users/hrswf/OneDrive/Docs/Creative/Unity/Let_It_Bee
C:/Users/hrswf/OneDrive/Docs/Creative/Unity/Let_It_Bee
[UnityMemory] Configuration Parameters - Can be set up in boot.config
    "memorysetup-bucket-allocator-granularity=16"
    "memorysetup-bucket-allocator-bucket-count=8"
    "memorysetup-bucket-allocator-block-size=33554432"
    "memorysetup-bucket-allocator-block-count=8"
    "memorysetup-main-allocator-block-size=16777216"
    "memorysetup-thread-allocator-block-size=16777216"
    "memorysetup-gfx-main-allocator-block-size=16777216"
    "memorysetup-gfx-thread-allocator-block-size=16777216"
    "memorysetup-cache-allocator-block-size=4194304"
    "memorysetup-typetree-allocator-block-size=2097152"
    "memorysetup-profiler-bucket-allocator-granularity=16"
    "memorysetup-profiler-bucket-allocator-bucket-count=8"
    "memorysetup-profiler-bucket-allocator-block-size=33554432"
    "memorysetup-profiler-bucket-allocator-block-count=8"
    "memorysetup-profiler-allocator-block-size=16777216"
    "memorysetup-profiler-editor-allocator-block-size=1048576"
    "memorysetup-temp-allocator-size-main=16777216"
    "memorysetup-job-temp-allocator-block-size=2097152"
    "memorysetup-job-temp-allocator-block-size-background=1048576"
    "memorysetup-job-temp-allocator-reduction-small-platforms=262144"
    "memorysetup-temp-allocator-size-background-worker=32768"
    "memorysetup-temp-allocator-size-job-worker=262144"
    "memorysetup-temp-allocator-size-preload-manager=33554432"
    "memorysetup-temp-allocator-size-nav-mesh-worker=65536"
    "memorysetup-temp-allocator-size-audio-worker=65536"
    "memorysetup-temp-allocator-size-cloud-worker=32768"
    "memorysetup-temp-allocator-size-gi-baking-worker=262144"
    "memorysetup-temp-allocator-size-gfx=262144"
Refreshing native plugins compatible for Editor in 89.19 ms, found 5 plugins.
Preloading 0 native plugins for Editor in 0.00 ms.
Initialize engine version: 2021.2.9f1 (921b45a28ab6)
[Subsystems] Discovering subsystems at path C:/Program Files/Unity/Hub/Editor/2021.2.9f1/Editor/Data/Resources/UnitySubsystems
[Subsystems] Discovering subsystems at path C:/Users/hrswf/OneDrive/Docs/Creative/Unity/Let_It_Bee/Assets
GfxDevice: creating device client; threaded=0; jobified=0
Direct3D:
    Version:  Direct3D 11.0 [level 11.1]
    Renderer: NVIDIA GeForce RTX 3070 (ID=0x2484)
    Vendor:   NVIDIA
    VRAM:     8043 MB
    Driver:   30.0.14.9729
Shader 'MoreMountains/MMRipple': fallback shader 'Particle/AlphaBlended' not found
Initialize mono
Mono path[0] = 'C:/Program Files/Unity/Hub/Editor/2021.2.9f1/Editor/Data/Managed'
Mono path[1] = 'C:/Program Files/Unity/Hub/Editor/2021.2.9f1/Editor/Data/MonoBleedingEdge/lib/mono/unityjit-win32'
Mono config path = 'C:/Program Files/Unity/Hub/Editor/2021.2.9f1/Editor/Data/MonoBleedingEdge/etc'
Using monoOptions --debugger-agent=transport=dt_socket,embedding=1,server=y,suspend=n,address=127.0.0.1:56400
Begin MonoManager ReloadAssembly
Registering precompiled unity dll's ...
Register platform support module: C:/Program Files/Unity/Hub/Editor/2021.2.9f1/Editor/Data/PlaybackEngines/WebGLSupport/UnityEditor.WebGL.Extensions.dll
Register platform support module: C:/Program Files/Unity/Hub/Editor/2021.2.9f1/Editor/Data/PlaybackEngines/WindowsStandaloneSupport/UnityEditor.WindowsStandalone.Extensions.dll
Registered in 0.008753 seconds.
Native extension for WindowsStandalone target not found
Native extension for WebGL target not found
Refreshing native plugins compatible for Editor in 67.86 ms, found 5 plugins.
Preloading 0 native plugins for Editor in 0.00 ms.
Mono: successfully reloaded assembly
- Completed reload, in  0.511 seconds
Domain Reload Profiling:
	ReloadAssembly (512ms)
		BeginReloadAssembly (72ms)
			ExecutionOrderSort (0ms)
			DisableScriptedObjects (0ms)
			BackupInstance (0ms)
			ReleaseScriptingObjects (0ms)
			CreateAndSetChildDomain (1ms)
		EndReloadAssembly (373ms)
			LoadAssemblies (69ms)
			RebuildTransferFunctionScriptingTraits (0ms)
			SetupTypeCache (81ms)
			ReleaseScriptCaches (0ms)
			RebuildScriptCaches (19ms)
			SetupLoadedEditorAssemblies (229ms)
				LogAssemblyErrors (0ms)
				InitializePlatformSupportModulesInManaged (15ms)
				SetLoadedEditorAssemblies (0ms)
				RefreshPlugins (68ms)
				BeforeProcessingInitializeOnLoad (1ms)
				ProcessInitializeOnLoadAttributes (110ms)
				ProcessInitializeOnLoadMethodAttributes (34ms)
				AfterProcessingInitializeOnLoad (0ms)
				EditorAssembliesLoaded (0ms)
			ExecutionOrderSort2 (0ms)
			AwakeInstancesAfterBackupRestoration (0ms)
Platform modules already initialized, skipping
Registering precompiled user dll's ...
Registered in 0.011228 seconds.
Begin MonoManager ReloadAssembly
Native extension for WindowsStandalone target not found
Native extension for WebGL target not found
Refreshing native plugins compatible for Editor in 71.96 ms, found 5 plugins.
Preloading 0 native plugins for Editor in 0.00 ms.
Mono: successfully reloaded assembly
- Completed reload, in  1.377 seconds
Domain Reload Profiling:
	ReloadAssembly (1378ms)
		BeginReloadAssembly (108ms)
			ExecutionOrderSort (0ms)
			DisableScriptedObjects (4ms)
			BackupInstance (0ms)
			ReleaseScriptingObjects (0ms)
			CreateAndSetChildDomain (19ms)
		EndReloadAssembly (1187ms)
			LoadAssemblies (106ms)
			RebuildTransferFunctionScriptingTraits (0ms)
			SetupTypeCache (202ms)
			ReleaseScriptCaches (1ms)
			RebuildScriptCaches (64ms)
			SetupLoadedEditorAssemblies (789ms)
				LogAssemblyErrors (0ms)
				InitializePlatformSupportModulesInManaged (11ms)
				SetLoadedEditorAssemblies (0ms)
				RefreshPlugins (72ms)
				BeforeProcessingInitializeOnLoad (99ms)
				ProcessInitializeOnLoadAttributes (530ms)
				ProcessInitializeOnLoadMethodAttributes (68ms)
				AfterProcessingInitializeOnLoad (9ms)
				EditorAssembliesLoaded (0ms)
			ExecutionOrderSort2 (0ms)
			AwakeInstancesAfterBackupRestoration (5ms)
Platform modules already initialized, skipping
========================================================================
Worker process is ready to serve import requests
Shader 'MoreMountains/MMRipple': fallback shader 'Particle/AlphaBlended' not found
Launched and connected shader compiler UnityShaderCompiler.exe after 0.04 seconds
Refreshing native plugins compatible for Editor in 2.15 ms, found 5 plugins.
Preloading 0 native plugins for Editor in 0.00 ms.
Unloading 4903 Unused Serialized files (Serialized files now loaded: 0)
Unloading 71 unused Assets / (0.6 MB). Loaded Objects now: 5344.
Memory consumption went from 281.8 MB to 281.1 MB.
Total: 3.772200 ms (FindLiveObjects: 0.334400 ms CreateObjectMapping: 0.121100 ms MarkObjects: 3.051900 ms  DeleteObjects: 0.264000 ms)

AssetImportParameters requested are different than current active one (requested -> active):
  custom:video-decoder-ogg-theora: a1e56fd34408186e4bbccfd4996cb3dc -> 
  custom:container-muxer-webm: aa71ff27fc2769a1b78a27578f13a17b -> 
  custom:container-demuxer-webm: 4f35f7cbe854078d1ac9338744f61a02 -> 
  custom:video-encoder-webm-vp8: eb34c28f22e8b96e1ab97ce403110664 -> 
  custom:audio-encoder-webm-vorbis: bf7c407c2cedff20999df2af8eb42d56 -> 
  custom:framework-win-MediaFoundation: 216162199b28c13a410421893ffa2e32 -> 
  custom:container-demuxer-ogg: 62fdf1f143b41e24485cea50d1cbac27 -> 
  custom:video-decoder-webm-vp8: 9c59270c3fd7afecdb556c50c9e8de78 -> 
  custom:audio-decoder-ogg-vorbis: bf7c407c2cedff20999df2af8eb42d56 -> 
========================================================================
Received Import Request.
  Time since last request: 131410.003457 seconds.
  path: Assets/07 Fonts/upheavtt SDF UI.asset
  artifactKey: Guid(b6c59cecbde73944b8c13f7dddbe259d) Importer(815301076,1909f56bfc062723c751e8b465ee728b)
Start importing Assets/07 Fonts/upheavtt SDF UI.asset using Guid(b6c59cecbde73944b8c13f7dddbe259d) Importer(815301076,1909f56bfc062723c751e8b465ee728b)  -> (artifact id: 'eb192be50c01c5887eebae76b696bf88') in 0.126917 seconds 
========================================================================
Received Prepare
Registering precompiled user dll's ...
Registered in 0.009746 seconds.
Begin MonoManager ReloadAssembly
Native extension for WindowsStandalone target not found
Native extension for WebGL target not found
Refreshing native plugins compatible for Editor in 1.36 ms, found 5 plugins.
Preloading 0 native plugins for Editor in 0.00 ms.
Mono: successfully reloaded assembly
- Completed reload, in  1.141 seconds
Domain Reload Profiling:
	ReloadAssembly (1142ms)
		BeginReloadAssembly (134ms)
			ExecutionOrderSort (0ms)
			DisableScriptedObjects (4ms)
			BackupInstance (0ms)
			ReleaseScriptingObjects (0ms)
			CreateAndSetChildDomain (41ms)
		EndReloadAssembly (930ms)
			LoadAssemblies (106ms)
			RebuildTransferFunctionScriptingTraits (0ms)
			SetupTypeCache (180ms)
			ReleaseScriptCaches (2ms)
			RebuildScriptCaches (52ms)
			SetupLoadedEditorAssemblies (537ms)
				LogAssemblyErrors (0ms)
				InitializePlatformSupportModulesInManaged (13ms)
				SetLoadedEditorAssemblies (0ms)
				RefreshPlugins (2ms)
				BeforeProcessingInitializeOnLoad (91ms)
				ProcessInitializeOnLoadAttributes (350ms)
				ProcessInitializeOnLoadMethodAttributes (71ms)
				AfterProcessingInitializeOnLoad (10ms)
				EditorAssembliesLoaded (0ms)
			ExecutionOrderSort2 (0ms)
			AwakeInstancesAfterBackupRestoration (10ms)
Platform modules already initialized, skipping
Shader 'MoreMountains/MMRipple': fallback shader 'Particle/AlphaBlended' not found
Refreshing native plugins compatible for Editor in 1.64 ms, found 5 plugins.
Preloading 0 native plugins for Editor in 0.00 ms.
Unloading 4750 Unused Serialized files (Serialized files now loaded: 0)
Unloading 48 unused Assets / (0.6 MB). Loaded Objects now: 5415.
Memory consumption went from 275.9 MB to 275.3 MB.
Total: 5.832000 ms (FindLiveObjects: 0.510200 ms CreateObjectMapping: 0.234700 ms MarkObjects: 4.668200 ms  DeleteObjects: 0.417500 ms)

AssetImportParameters requested are different than current active one (requested -> active):
  custom:video-decoder-ogg-theora: a1e56fd34408186e4bbccfd4996cb3dc -> 
  custom:container-muxer-webm: aa71ff27fc2769a1b78a27578f13a17b -> 
  custom:container-demuxer-webm: 4f35f7cbe854078d1ac9338744f61a02 -> 
  custom:video-encoder-webm-vp8: eb34c28f22e8b96e1ab97ce403110664 -> 
  custom:audio-encoder-webm-vorbis: bf7c407c2cedff20999df2af8eb42d56 -> 
  custom:framework-win-MediaFoundation: 216162199b28c13a410421893ffa2e32 -> 
  custom:container-demuxer-ogg: 62fdf1f143b41e24485cea50d1cbac27 -> 
  custom:video-decoder-webm-vp8: 9c59270c3fd7afecdb556c50c9e8de78 -> 
  custom:audio-decoder-ogg-vorbis: bf7c407c2cedff20999df2af8eb42d56 -> 
========================================================================
Received Prepare
Shader 'MoreMountains/MMRipple': fallback shader 'Particle/AlphaBlended' not found
Refreshing native plugins compatible for Editor in 9.03 ms, found 5 plugins.
Preloading 0 native plugins for Editor in 0.00 ms.
Unloading 46 Unused Serialized files (Serialized files now loaded: 0)
Unloading 46 unused Assets / (0.6 MB). Loaded Objects now: 5415.
Memory consumption went from 180.1 MB to 179.5 MB.
Total: 3.660200 ms (FindLiveObjects: 0.369800 ms CreateObjectMapping: 0.109800 ms MarkObjects: 2.925600 ms  DeleteObjects: 0.254400 ms)

AssetImportParameters requested are different than current active one (requested -> active):
  custom:video-decoder-ogg-theora: a1e56fd34408186e4bbccfd4996cb3dc -> 
  custom:container-muxer-webm: aa71ff27fc2769a1b78a27578f13a17b -> 
  custom:container-demuxer-webm: 4f35f7cbe854078d1ac9338744f61a02 -> 
  custom:video-encoder-webm-vp8: eb34c28f22e8b96e1ab97ce403110664 -> 
  custom:audio-encoder-webm-vorbis: bf7c407c2cedff20999df2af8eb42d56 -> 
  custom:framework-win-MediaFoundation: 216162199b28c13a410421893ffa2e32 -> 
  custom:container-demuxer-ogg: 62fdf1f143b41e24485cea50d1cbac27 -> 
  custom:video-decoder-webm-vp8: 9c59270c3fd7afecdb556c50c9e8de78 -> 
  custom:audio-decoder-ogg-vorbis: bf7c407c2cedff20999df2af8eb42d56 -> 
========================================================================
Received Prepare
Shader 'MoreMountains/MMRipple': fallback shader 'Particle/AlphaBlended' not found
Refreshing native plugins compatible for Editor in 9.58 ms, found 5 plugins.
Preloading 0 native plugins for Editor in 0.00 ms.
Unloading 46 Unused Serialized files (Serialized files now loaded: 0)
Unloading 46 unused Assets / (0.6 MB). Loaded Objects now: 5415.
Memory consumption went from 180.1 MB to 179.5 MB.
Total: 4.334400 ms (FindLiveObjects: 0.368000 ms CreateObjectMapping: 0.108500 ms MarkObjects: 3.454400 ms  DeleteObjects: 0.402900 ms)

AssetImportParameters requested are different than current active one (requested -> active):
  custom:video-decoder-ogg-theora: a1e56fd34408186e4bbccfd4996cb3dc -> 
  custom:container-muxer-webm: aa71ff27fc2769a1b78a27578f13a17b -> 
  custom:container-demuxer-webm: 4f35f7cbe854078d1ac9338744f61a02 -> 
  custom:video-encoder-webm-vp8: eb34c28f22e8b96e1ab97ce403110664 -> 
  custom:audio-encoder-webm-vorbis: bf7c407c2cedff20999df2af8eb42d56 -> 
  custom:framework-win-MediaFoundation: 216162199b28c13a410421893ffa2e32 -> 
  custom:container-demuxer-ogg: 62fdf1f143b41e24485cea50d1cbac27 -> 
  custom:video-decoder-webm-vp8: 9c59270c3fd7afecdb556c50c9e8de78 -> 
  custom:audio-decoder-ogg-vorbis: bf7c407c2cedff20999df2af8eb42d56 -> 
========================================================================
Received Prepare
Shader 'MoreMountains/MMRipple': fallback shader 'Particle/AlphaBlended' not found
Refreshing native plugins compatible for Editor in 8.96 ms, found 5 plugins.
Preloading 0 native plugins for Editor in 0.00 ms.
Unloading 46 Unused Serialized files (Serialized files now loaded: 0)
Unloading 46 unused Assets / (0.6 MB). Loaded Objects now: 5415.
Memory consumption went from 180.1 MB to 179.5 MB.
Total: 4.406600 ms (FindLiveObjects: 0.505200 ms CreateObjectMapping: 0.122700 ms MarkObjects: 3.479000 ms  DeleteObjects: 0.299200 ms)

AssetImportParameters requested are different than current active one (requested -> active):
  custom:video-decoder-ogg-theora: a1e56fd34408186e4bbccfd4996cb3dc -> 
  custom:container-muxer-webm: aa71ff27fc2769a1b78a27578f13a17b -> 
  custom:container-demuxer-webm: 4f35f7cbe854078d1ac9338744f61a02 -> 
  custom:video-encoder-webm-vp8: eb34c28f22e8b96e1ab97ce403110664 -> 
  custom:audio-encoder-webm-vorbis: bf7c407c2cedff20999df2af8eb42d56 -> 
  custom:framework-win-MediaFoundation: 216162199b28c13a410421893ffa2e32 -> 
  custom:container-demuxer-ogg: 62fdf1f143b41e24485cea50d1cbac27 -> 
  custom:video-decoder-webm-vp8: 9c59270c3fd7afecdb556c50c9e8de78 -> 
  custom:audio-decoder-ogg-vorbis: bf7c407c2cedff20999df2af8eb42d56 -> 
========================================================================
Received Prepare
Shader 'MoreMountains/MMRipple': fallback shader 'Particle/AlphaBlended' not found
Refreshing native plugins compatible for Editor in 9.86 ms, found 5 plugins.
Preloading 0 native plugins for Editor in 0.00 ms.
Unloading 46 Unused Serialized files (Serialized files now loaded: 0)
Unloading 46 unused Assets / (0.6 MB). Loaded Objects now: 5415.
Memory consumption went from 180.1 MB to 179.5 MB.
Total: 5.730500 ms (FindLiveObjects: 0.397900 ms CreateObjectMapping: 0.127600 ms MarkObjects: 4.836500 ms  DeleteObjects: 0.367100 ms)

AssetImportParameters requested are different than current active one (requested -> active):
  custom:video-decoder-ogg-theora: a1e56fd34408186e4bbccfd4996cb3dc -> 
  custom:container-muxer-webm: aa71ff27fc2769a1b78a27578f13a17b -> 
  custom:container-demuxer-webm: 4f35f7cbe854078d1ac9338744f61a02 -> 
  custom:video-encoder-webm-vp8: eb34c28f22e8b96e1ab97ce403110664 -> 
  custom:audio-encoder-webm-vorbis: bf7c407c2cedff20999df2af8eb42d56 -> 
  custom:framework-win-MediaFoundation: 216162199b28c13a410421893ffa2e32 -> 
  custom:container-demuxer-ogg: 62fdf1f143b41e24485cea50d1cbac27 -> 
  custom:video-decoder-webm-vp8: 9c59270c3fd7afecdb556c50c9e8de78 -> 
  custom:audio-decoder-ogg-vorbis: bf7c407c2cedff20999df2af8eb42d56 -> 
========================================================================
Received Import Request.
  Time since last request: 5130.997386 seconds.
  path: Assets/Scenes
  artifactKey: Guid(c87c336e88e506f4fb2a0ba05523215d) Importer(815301076,1909f56bfc062723c751e8b465ee728b)
Start importing Assets/Scenes using Guid(c87c336e88e506f4fb2a0ba05523215d) Importer(815301076,1909f56bfc062723c751e8b465ee728b)  -> (artifact id: 'e4ddc17bf45dc42dd86135590e41eed5') in 0.004722 seconds 
========================================================================
Received Import Request.
  Time since last request: 1.173118 seconds.
  path: Assets/Scenes/SampleScene.unity
  artifactKey: Guid(2cda990e2423bbf4892e6590ba056729) Importer(815301076,1909f56bfc062723c751e8b465ee728b)
Start importing Assets/Scenes/SampleScene.unity using Guid(2cda990e2423bbf4892e6590ba056729) Importer(815301076,1909f56bfc062723c751e8b465ee728b)  -> (artifact id: '82c5c43ef2f69c8df36d8d4146ca55e3') in 0.098102 seconds 
========================================================================
Received Import Request.
  Time since last request: 3.949508 seconds.
  path: Assets/Scenes/SampleScene 1.unity
  artifactKey: Guid(c2929684c1117784d87079c0e53e239f) Importer(815301076,1909f56bfc062723c751e8b465ee728b)
Start importing Assets/Scenes/SampleScene 1.unity using Guid(c2929684c1117784d87079c0e53e239f) Importer(815301076,1909f56bfc062723c751e8b465ee728b)  -> (artifact id: '235c8ad0502065d5fc0aeaae1347972a') in 0.002537 seconds 
========================================================================
Received Import Request.
  Time since last request: 512.060585 seconds.
  path: Assets/09 Shaders/BlurSprite.mat
  artifactKey: Guid(613f4faa8909e1840b2d86910b764d68) Importer(815301076,1909f56bfc062723c751e8b465ee728b)
Start importing Assets/09 Shaders/BlurSprite.mat using Guid(613f4faa8909e1840b2d86910b764d68) Importer(815301076,1909f56bfc062723c751e8b465ee728b)  -> (artifact id: '1407af7410a81cf996d9f0126e77920d') in 0.045455 seconds 
========================================================================
Received Import Request.
  Time since last request: 0.000015 seconds.
  path: Assets/09 Shaders/URP_asset.asset
  artifactKey: Guid(e5759d0d33ba6e0479ab7121b4cf5329) Importer(815301076,1909f56bfc062723c751e8b465ee728b)
Start importing Assets/09 Shaders/URP_asset.asset using Guid(e5759d0d33ba6e0479ab7121b4cf5329) Importer(815301076,1909f56bfc062723c751e8b465ee728b)  -> (artifact id: '853d49bc7ef8daf971bb5d97f0a4b0e0') in 0.027358 seconds 
========================================================================
Received Import Request.
  Time since last request: 0.205068 seconds.
  path: Assets/08 Sprites/FlowerSPrite-Sheet.png
  artifactKey: Guid(d5b93028e33b2e24ca7d361fcc0b8828) Importer(815301076,1909f56bfc062723c751e8b465ee728b)
Start importing Assets/08 Sprites/FlowerSPrite-Sheet.png using Guid(d5b93028e33b2e24ca7d361fcc0b8828) Importer(815301076,1909f56bfc062723c751e8b465ee728b)  -> (artifact id: 'e683352fa6ac31d50a31b1907023cf41') in 0.038551 seconds 
========================================================================
Received Import Request.
  Time since last request: 0.000018 seconds.
  path: Assets/08 Sprites/LogoMakr-2sL90e.png
  artifactKey: Guid(3d647ebeee970c749a918422463fd166) Importer(815301076,1909f56bfc062723c751e8b465ee728b)
Start importing Assets/08 Sprites/LogoMakr-2sL90e.png using Guid(3d647ebeee970c749a918422463fd166) Importer(815301076,1909f56bfc062723c751e8b465ee728b)  -> (artifact id: '73377bfb19070bfe66d19ce41875ab10') in 0.020134 seconds 
========================================================================
Received Import Request.
  Time since last request: 0.000017 seconds.
  path: Assets/08 Sprites/Logo.png
  artifactKey: Guid(f92faaeb54c7a8e43a3abd29f74f78ad) Importer(815301076,1909f56bfc062723c751e8b465ee728b)
Start importing Assets/08 Sprites/Logo.png using Guid(f92faaeb54c7a8e43a3abd29f74f78ad) Importer(815301076,1909f56bfc062723c751e8b465ee728b)  -> (artifact id: '9d7e551e22114cfff43995428ebb3349') in 0.014383 seconds 
========================================================================
Received Import Request.
  Time since last request: 24.540700 seconds.
  path: Assets/05 Assets/pixel-line-platformer/Tiles/tile_0028.png
  artifactKey: Guid(ea292700e531ce7479a82d0710d900d0) Importer(815301076,1909f56bfc062723c751e8b465ee728b)
Start importing Assets/05 Assets/pixel-line-platformer/Tiles/tile_0028.png using Guid(ea292700e531ce7479a82d0710d900d0) Importer(815301076,1909f56bfc062723c751e8b465ee728b)  -> (artifact id: '67b7a63e6b6f95d7ad46b83661b9f38a') in 0.018971 seconds 
========================================================================
Received Import Request.
  Time since last request: 0.000019 seconds.
  path: Assets/05 Assets/pixel-line-platformer/Tiles/tile_0033.png
  artifactKey: Guid(3a67e7645a47d7f4fabe365127cfd3b9) Importer(815301076,1909f56bfc062723c751e8b465ee728b)
Start importing Assets/05 Assets/pixel-line-platformer/Tiles/tile_0033.png using Guid(3a67e7645a47d7f4fabe365127cfd3b9) Importer(815301076,1909f56bfc062723c751e8b465ee728b)  -> (artifact id: '38a542c3a99224225f2173c0d7022069') in 0.060016 seconds 
========================================================================
Received Import Request.
  Time since last request: 0.000017 seconds.
  path: Assets/05 Assets/pixel-line-platformer/Tiles/tile_0034.png
  artifactKey: Guid(00aa39c3188078644a16e67dad473af8) Importer(815301076,1909f56bfc062723c751e8b465ee728b)
Start importing Assets/05 Assets/pixel-line-platformer/Tiles/tile_0034.png using Guid(00aa39c3188078644a16e67dad473af8) Importer(815301076,1909f56bfc062723c751e8b465ee728b)  -> (artifact id: '1950f7f10a3eed5ccbb38e604211a63c') in 0.012824 seconds 
========================================================================
Received Import Request.
  Time since last request: 0.000017 seconds.
  path: Assets/05 Assets/pixel-line-platformer/Tiles/tile_0035.png
  artifactKey: Guid(08f350c0f5bf55041aa20c635310a3e0) Importer(815301076,1909f56bfc062723c751e8b465ee728b)
Start importing Assets/05 Assets/pixel-line-platformer/Tiles/tile_0035.png using Guid(08f350c0f5bf55041aa20c635310a3e0) Importer(815301076,1909f56bfc062723c751e8b465ee728b)  -> (artifact id: 'ba6807b05dc7ac405630dd09a315efb3') in 0.011320 seconds 
========================================================================
Received Import Request.
  Time since last request: 0.000021 seconds.
  path: Assets/05 Assets/pixel-line-platformer/Tiles/tile_0039.png
  artifactKey: Guid(79a9caa11ac1bc347aa34b0dd13899d1) Importer(815301076,1909f56bfc062723c751e8b465ee728b)
Start importing Assets/05 Assets/pixel-line-platformer/Tiles/tile_0039.png using Guid(79a9caa11ac1bc347aa34b0dd13899d1) Importer(815301076,1909f56bfc062723c751e8b465ee728b)  -> (artifact id: 'fd9b5759f59d17e1922f37aac00ee53a') in 0.014873 seconds 
========================================================================
Received Import Request.
  Time since last request: 0.000027 seconds.
  path: Assets/05 Assets/pixel-line-platformer/Tiles/tile_0036.png
  artifactKey: Guid(f7222ab0348013940a1bd8747b154a62) Importer(815301076,1909f56bfc062723c751e8b465ee728b)
Start importing Assets/05 Assets/pixel-line-platformer/Tiles/tile_0036.png using Guid(f7222ab0348013940a1bd8747b154a62) Importer(815301076,1909f56bfc062723c751e8b465ee728b)  -> (artifact id: '8d91d12bd1b223c162a093fd1030d759') in 0.016318 seconds 
========================================================================
Received Import Request.
  Time since last request: 0.000026 seconds.
  path: Assets/05 Assets/pixel-line-platformer/Tiles/tile_0057.png
  artifactKey: Guid(9bd7568b19f868644a31c6572c719381) Importer(815301076,1909f56bfc062723c751e8b465ee728b)
Start importing Assets/05 Assets/pixel-line-platformer/Tiles/tile_0057.png using Guid(9bd7568b19f868644a31c6572c719381) Importer(815301076,1909f56bfc062723c751e8b465ee728b)  -> (artifact id: '5b3b4ae215674673393ac64bd6eda83d') in 0.015240 seconds 
========================================================================
Received Import Request.
  Time since last request: 0.000031 seconds.
  path: Assets/05 Assets/pixel-line-platformer/Tiles/tile_0051.png
  artifactKey: Guid(6a20638abea31714a9e87f418f4a7704) Importer(815301076,1909f56bfc062723c751e8b465ee728b)
Start importing Assets/05 Assets/pixel-line-platformer/Tiles/tile_0051.png using Guid(6a20638abea31714a9e87f418f4a7704) Importer(815301076,1909f56bfc062723c751e8b465ee728b)  -> (artifact id: 'e29add811ba86f3bb663d5faaa2d8bef') in 0.040537 seconds 
========================================================================
Received Import Request.
  Time since last request: 0.000017 seconds.
  path: Assets/05 Assets/pixel-line-platformer/Tiles/tile_0048.png
  artifactKey: Guid(13ebc86167094f64b9802e3ba6af84c2) Importer(815301076,1909f56bfc062723c751e8b465ee728b)
Start importing Assets/05 Assets/pixel-line-platformer/Tiles/tile_0048.png using Guid(13ebc86167094f64b9802e3ba6af84c2) Importer(815301076,1909f56bfc062723c751e8b465ee728b)  -> (artifact id: 'ab6b74a6edad4f7ab31524a4ac51a11f') in 0.014746 seconds 
========================================================================
Received Import Request.
  Time since last request: 0.000019 seconds.
  path: Assets/05 Assets/pixel-line-platformer/Tiles/tile_0045.png
  artifactKey: Guid(1c689e3e6b5b8fa42976aec1875d042f) Importer(815301076,1909f56bfc062723c751e8b465ee728b)
Start importing Assets/05 Assets/pixel-line-platformer/Tiles/tile_0045.png using Guid(1c689e3e6b5b8fa42976aec1875d042f) Importer(815301076,1909f56bfc062723c751e8b465ee728b)  -> (artifact id: 'd35e1b10329f1dc69f4e6e37aa74c746') in 0.060349 seconds 
========================================================================
Received Import Request.
  Time since last request: 0.000026 seconds.
  path: Assets/05 Assets/pixel-line-platformer/Tiles/tile_0054.png
  artifactKey: Guid(9327bde5090d40b44b54f10f3183de99) Importer(815301076,1909f56bfc062723c751e8b465ee728b)
Start importing Assets/05 Assets/pixel-line-platformer/Tiles/tile_0054.png using Guid(9327bde5090d40b44b54f10f3183de99) Importer(815301076,1909f56bfc062723c751e8b465ee728b)  -> (artifact id: '3a7512fa3d93600ded237c07f1b0e537') in 0.014050 seconds 
Editor requested this worker to shutdown with reason: Scaling down because of idle timeout
AssetImportWorker is now disconnected from the server
Process exiting
Exiting without the bug reporter. Application will terminate with return code 0