Using pre-set license
Built from '2021.2/staging' branch; Version is '2021.2.9f1 (921b45a28ab6) revision 9575237'; Using compiler version '192829333'; Build Type 'Release'
OS: 'Windows 10  (10.0.19044) 64bit Professional' Language: 'es' Physical Memory: 32694 MB
BatchMode: 1, IsHumanControllingUs: 0, StartBugReporterOnCrash: 0, Is64bit: 1, IsPro: 0

COMMAND LINE ARGUMENTS:
C:\Program Files\Unity\Hub\Editor\2021.2.9f1\Editor\Unity.exe
-adb2
-batchMode
-noUpm
-name
AssetImportWorker3
-projectPath
C:/Users/hrswf/OneDrive/Docs/Creative/Unity/Let_It_Bee
-logFile
Logs/AssetImportWorker3.log
-srvPort
50352
Successfully changed project path to: C:/Users/hrswf/OneDrive/Docs/Creative/Unity/Let_It_Bee
C:/Users/hrswf/OneDrive/Docs/Creative/Unity/Let_It_Bee
[UnityMemory] Configuration Parameters - Can be set up in boot.config
    "memorysetup-bucket-allocator-granularity=16"
    "memorysetup-bucket-allocator-bucket-count=8"
    "memorysetup-bucket-allocator-block-size=33554432"
    "memorysetup-bucket-allocator-block-count=8"
    "memorysetup-main-allocator-block-size=16777216"
    "memorysetup-thread-allocator-block-size=16777216"
    "memorysetup-gfx-main-allocator-block-size=16777216"
    "memorysetup-gfx-thread-allocator-block-size=16777216"
    "memorysetup-cache-allocator-block-size=4194304"
    "memorysetup-typetree-allocator-block-size=2097152"
    "memorysetup-profiler-bucket-allocator-granularity=16"
    "memorysetup-profiler-bucket-allocator-bucket-count=8"
    "memorysetup-profiler-bucket-allocator-block-size=33554432"
    "memorysetup-profiler-bucket-allocator-block-count=8"
    "memorysetup-profiler-allocator-block-size=16777216"
    "memorysetup-profiler-editor-allocator-block-size=1048576"
    "memorysetup-temp-allocator-size-main=16777216"
    "memorysetup-job-temp-allocator-block-size=2097152"
    "memorysetup-job-temp-allocator-block-size-background=1048576"
    "memorysetup-job-temp-allocator-reduction-small-platforms=262144"
    "memorysetup-temp-allocator-size-background-worker=32768"
    "memorysetup-temp-allocator-size-job-worker=262144"
    "memorysetup-temp-allocator-size-preload-manager=33554432"
    "memorysetup-temp-allocator-size-nav-mesh-worker=65536"
    "memorysetup-temp-allocator-size-audio-worker=65536"
    "memorysetup-temp-allocator-size-cloud-worker=32768"
    "memorysetup-temp-allocator-size-gi-baking-worker=262144"
    "memorysetup-temp-allocator-size-gfx=262144"
Refreshing native plugins compatible for Editor in 113.67 ms, found 5 plugins.
Preloading 0 native plugins for Editor in 0.00 ms.
Initialize engine version: 2021.2.9f1 (921b45a28ab6)
[Subsystems] Discovering subsystems at path C:/Program Files/Unity/Hub/Editor/2021.2.9f1/Editor/Data/Resources/UnitySubsystems
[Subsystems] Discovering subsystems at path C:/Users/hrswf/OneDrive/Docs/Creative/Unity/Let_It_Bee/Assets
GfxDevice: creating device client; threaded=0; jobified=0
Direct3D:
    Version:  Direct3D 11.0 [level 11.1]
    Renderer: NVIDIA GeForce RTX 3070 (ID=0x2484)
    Vendor:   NVIDIA
    VRAM:     8043 MB
    Driver:   30.0.15.1165
Shader 'MoreMountains/MMRipple': fallback shader 'Particle/AlphaBlended' not found
Initialize mono
Mono path[0] = 'C:/Program Files/Unity/Hub/Editor/2021.2.9f1/Editor/Data/Managed'
Mono path[1] = 'C:/Program Files/Unity/Hub/Editor/2021.2.9f1/Editor/Data/MonoBleedingEdge/lib/mono/unityjit-win32'
Mono config path = 'C:/Program Files/Unity/Hub/Editor/2021.2.9f1/Editor/Data/MonoBleedingEdge/etc'
Using monoOptions --debugger-agent=transport=dt_socket,embedding=1,server=y,suspend=n,address=127.0.0.1:56020
Begin MonoManager ReloadAssembly
Registering precompiled unity dll's ...
Register platform support module: C:/Program Files/Unity/Hub/Editor/2021.2.9f1/Editor/Data/PlaybackEngines/WebGLSupport/UnityEditor.WebGL.Extensions.dll
Register platform support module: C:/Program Files/Unity/Hub/Editor/2021.2.9f1/Editor/Data/PlaybackEngines/WindowsStandaloneSupport/UnityEditor.WindowsStandalone.Extensions.dll
Registered in 0.008680 seconds.
Native extension for WindowsStandalone target not found
Native extension for WebGL target not found
Refreshing native plugins compatible for Editor in 124.16 ms, found 5 plugins.
Preloading 0 native plugins for Editor in 0.00 ms.
Mono: successfully reloaded assembly
- Completed reload, in  0.720 seconds
Domain Reload Profiling:
	ReloadAssembly (721ms)
		BeginReloadAssembly (87ms)
			ExecutionOrderSort (0ms)
			DisableScriptedObjects (0ms)
			BackupInstance (0ms)
			ReleaseScriptingObjects (0ms)
			CreateAndSetChildDomain (1ms)
		EndReloadAssembly (554ms)
			LoadAssemblies (85ms)
			RebuildTransferFunctionScriptingTraits (0ms)
			SetupTypeCache (119ms)
			ReleaseScriptCaches (0ms)
			RebuildScriptCaches (32ms)
			SetupLoadedEditorAssemblies (340ms)
				LogAssemblyErrors (0ms)
				InitializePlatformSupportModulesInManaged (22ms)
				SetLoadedEditorAssemblies (0ms)
				RefreshPlugins (124ms)
				BeforeProcessingInitializeOnLoad (1ms)
				ProcessInitializeOnLoadAttributes (144ms)
				ProcessInitializeOnLoadMethodAttributes (49ms)
				AfterProcessingInitializeOnLoad (0ms)
				EditorAssembliesLoaded (0ms)
			ExecutionOrderSort2 (0ms)
			AwakeInstancesAfterBackupRestoration (0ms)
Platform modules already initialized, skipping
Registering precompiled user dll's ...
Registered in 0.010708 seconds.
Begin MonoManager ReloadAssembly
Native extension for WindowsStandalone target not found
Native extension for WebGL target not found
Refreshing native plugins compatible for Editor in 88.95 ms, found 5 plugins.
Preloading 0 native plugins for Editor in 0.00 ms.
Mono: successfully reloaded assembly
- Completed reload, in  1.685 seconds
Domain Reload Profiling:
	ReloadAssembly (1686ms)
		BeginReloadAssembly (119ms)
			ExecutionOrderSort (0ms)
			DisableScriptedObjects (6ms)
			BackupInstance (0ms)
			ReleaseScriptingObjects (0ms)
			CreateAndSetChildDomain (27ms)
		EndReloadAssembly (1467ms)
			LoadAssemblies (115ms)
			RebuildTransferFunctionScriptingTraits (0ms)
			SetupTypeCache (236ms)
			ReleaseScriptCaches (1ms)
			RebuildScriptCaches (80ms)
			SetupLoadedEditorAssemblies (993ms)
				LogAssemblyErrors (0ms)
				InitializePlatformSupportModulesInManaged (13ms)
				SetLoadedEditorAssemblies (0ms)
				RefreshPlugins (89ms)
				BeforeProcessingInitializeOnLoad (107ms)
				ProcessInitializeOnLoadAttributes (698ms)
				ProcessInitializeOnLoadMethodAttributes (78ms)
				AfterProcessingInitializeOnLoad (8ms)
				EditorAssembliesLoaded (0ms)
			ExecutionOrderSort2 (0ms)
			AwakeInstancesAfterBackupRestoration (5ms)
Platform modules already initialized, skipping
========================================================================
Worker process is ready to serve import requests
Shader 'MoreMountains/MMRipple': fallback shader 'Particle/AlphaBlended' not found
Launched and connected shader compiler UnityShaderCompiler.exe after 0.04 seconds
Refreshing native plugins compatible for Editor in 1.51 ms, found 5 plugins.
Preloading 0 native plugins for Editor in 0.00 ms.
Unloading 4911 Unused Serialized files (Serialized files now loaded: 0)
Unloading 71 unused Assets / (0.6 MB). Loaded Objects now: 5352.
Memory consumption went from 282.2 MB to 281.5 MB.
Total: 4.958200 ms (FindLiveObjects: 0.449400 ms CreateObjectMapping: 0.124400 ms MarkObjects: 4.059900 ms  DeleteObjects: 0.323100 ms)

AssetImportParameters requested are different than current active one (requested -> active):
  custom:video-decoder-ogg-theora: a1e56fd34408186e4bbccfd4996cb3dc -> 
  custom:container-muxer-webm: aa71ff27fc2769a1b78a27578f13a17b -> 
  custom:container-demuxer-webm: 4f35f7cbe854078d1ac9338744f61a02 -> 
  custom:video-encoder-webm-vp8: eb34c28f22e8b96e1ab97ce403110664 -> 
  custom:audio-encoder-webm-vorbis: bf7c407c2cedff20999df2af8eb42d56 -> 
  custom:framework-win-MediaFoundation: 216162199b28c13a410421893ffa2e32 -> 
  custom:container-demuxer-ogg: 62fdf1f143b41e24485cea50d1cbac27 -> 
  custom:video-decoder-webm-vp8: 9c59270c3fd7afecdb556c50c9e8de78 -> 
  custom:audio-decoder-ogg-vorbis: bf7c407c2cedff20999df2af8eb42d56 -> 
========================================================================
Received Import Request.
  Time since last request: 411534.432359 seconds.
  path: Assets/Feel/FeelDemos/Bounce/Materials/FeelBounceAxe.mat
  artifactKey: Guid(af886413eac5dcb439c12b037deeef73) Importer(815301076,1909f56bfc062723c751e8b465ee728b)
Start importing Assets/Feel/FeelDemos/Bounce/Materials/FeelBounceAxe.mat using Guid(af886413eac5dcb439c12b037deeef73) Importer(815301076,1909f56bfc062723c751e8b465ee728b)  -> (artifact id: '58409c5b8c90d3d3a86c0f63d6491eeb') in 2.059270 seconds 
========================================================================
Received Import Request.
  Time since last request: 3.110026 seconds.
  path: Assets/Feel/FeelDemos/Brass/Materials/FeelBrassEqualizerBlockRight.mat
  artifactKey: Guid(5e6dbb7f024758f4b8732cdad3b4af9d) Importer(815301076,1909f56bfc062723c751e8b465ee728b)
Start importing Assets/Feel/FeelDemos/Brass/Materials/FeelBrassEqualizerBlockRight.mat using Guid(5e6dbb7f024758f4b8732cdad3b4af9d) Importer(815301076,1909f56bfc062723c751e8b465ee728b)  -> (artifact id: '6a010ff9481d8d4d970e016ac6e6b36f') in 0.020065 seconds 
========================================================================
Received Import Request.
  Time since last request: 0.000018 seconds.
  path: Assets/Feel/FeelDemos/Brass/Materials/FeelBrassGround1.mat
  artifactKey: Guid(a2a9867d32ed406488136cf9d81265a4) Importer(815301076,1909f56bfc062723c751e8b465ee728b)
Start importing Assets/Feel/FeelDemos/Brass/Materials/FeelBrassGround1.mat using Guid(a2a9867d32ed406488136cf9d81265a4) Importer(815301076,1909f56bfc062723c751e8b465ee728b)  -> (artifact id: 'e72e7712f35429aaf317b54c5ddfef5f') in 0.221534 seconds 
========================================================================
Received Import Request.
  Time since last request: 0.122980 seconds.
  path: Assets/Feel/FeelDemos/CardsUI/Materials/FeelCardsLightning.mat
  artifactKey: Guid(00457dc663d97e14f94f7964f5208631) Importer(815301076,1909f56bfc062723c751e8b465ee728b)
Start importing Assets/Feel/FeelDemos/CardsUI/Materials/FeelCardsLightning.mat using Guid(00457dc663d97e14f94f7964f5208631) Importer(815301076,1909f56bfc062723c751e8b465ee728b)  -> (artifact id: 'f6b078ce251e4bbe1853602b395d96c2') in 0.063362 seconds 
========================================================================
Received Import Request.
  Time since last request: 0.000018 seconds.
  path: Assets/Feel/FeelDemosHDRP/Falcon/Materials/FeelFalconLights.mat
  artifactKey: Guid(079d6d95cb03112499d9a50bd97bb9d9) Importer(815301076,1909f56bfc062723c751e8b465ee728b)
Start importing Assets/Feel/FeelDemosHDRP/Falcon/Materials/FeelFalconLights.mat using Guid(079d6d95cb03112499d9a50bd97bb9d9) Importer(815301076,1909f56bfc062723c751e8b465ee728b)  -> (artifact id: 'd836176def78bb696b6e34145e6cd836') in 0.020620 seconds 
========================================================================
Received Import Request.
  Time since last request: 0.000045 seconds.
  path: Assets/Feel/FeelDemos/Duck/Materials/FeelDuckSmokeParticleMaterial.mat
  artifactKey: Guid(8dbf78ee886421f4c83dcef0f997dbeb) Importer(815301076,1909f56bfc062723c751e8b465ee728b)
Start importing Assets/Feel/FeelDemos/Duck/Materials/FeelDuckSmokeParticleMaterial.mat using Guid(8dbf78ee886421f4c83dcef0f997dbeb) Importer(815301076,1909f56bfc062723c751e8b465ee728b)  -> (artifact id: '30f4c8244aaaa7f8eee00c58d46fc73e') in 0.042372 seconds 
========================================================================
Received Import Request.
  Time since last request: 1.729672 seconds.
  path: Assets/Feel/FeelDemos/Letters/Materials/FeelLettersDemoBoilingLine.mat
  artifactKey: Guid(e74d2d4989090624cbe2bedfc6789b8d) Importer(815301076,1909f56bfc062723c751e8b465ee728b)
Start importing Assets/Feel/FeelDemos/Letters/Materials/FeelLettersDemoBoilingLine.mat using Guid(e74d2d4989090624cbe2bedfc6789b8d) Importer(815301076,1909f56bfc062723c751e8b465ee728b)  -> (artifact id: '64e91e455c702cce0960edb7c353a3f5') in 0.032420 seconds 
========================================================================
Received Import Request.
  Time since last request: 0.344206 seconds.
  path: Assets/Feel/FeelDemos/Letters/Materials/FeelLettersDemoSingMaterial.mat
  artifactKey: Guid(c82459d2f97aade4caf43f9372eb7f02) Importer(815301076,1909f56bfc062723c751e8b465ee728b)
Start importing Assets/Feel/FeelDemos/Letters/Materials/FeelLettersDemoSingMaterial.mat using Guid(c82459d2f97aade4caf43f9372eb7f02) Importer(815301076,1909f56bfc062723c751e8b465ee728b)  -> (artifact id: '848c8002d3a65436c016fdd2830aae66') in 0.034371 seconds 
========================================================================
Received Import Request.
  Time since last request: 0.000021 seconds.
  path: Assets/Feel/FeelDemos/MMProgressBar/Materials/FeelMMProgressBarMaterial.mat
  artifactKey: Guid(ece55c69d04bacd4092a0222f9a55ec9) Importer(815301076,1909f56bfc062723c751e8b465ee728b)
Start importing Assets/Feel/FeelDemos/MMProgressBar/Materials/FeelMMProgressBarMaterial.mat using Guid(ece55c69d04bacd4092a0222f9a55ec9) Importer(815301076,1909f56bfc062723c751e8b465ee728b)  -> (artifact id: '71f41dd7c856ed1834bc4f949c640c33') in 0.060896 seconds 
========================================================================
Received Import Request.
  Time since last request: 2.440360 seconds.
  path: Assets/Feel/FeelDemos/Snake/Materials/FeelSnakeEatParticlesMaterial.mat
  artifactKey: Guid(db63c47d34243b3409d0e6721360c701) Importer(815301076,1909f56bfc062723c751e8b465ee728b)
Start importing Assets/Feel/FeelDemos/Snake/Materials/FeelSnakeEatParticlesMaterial.mat using Guid(db63c47d34243b3409d0e6721360c701) Importer(815301076,1909f56bfc062723c751e8b465ee728b)  -> (artifact id: 'a437a20cc43813c3ee1a145ecb834d11') in 0.010744 seconds 
========================================================================
Received Import Request.
  Time since last request: 0.326740 seconds.
  path: Assets/Feel/FeelDemosURP/Strike/Materials/FeelStrikeDustMaterial.mat
  artifactKey: Guid(3b08df60923c49f43b4ac139195a81b7) Importer(815301076,1909f56bfc062723c751e8b465ee728b)
Start importing Assets/Feel/FeelDemosURP/Strike/Materials/FeelStrikeDustMaterial.mat using Guid(3b08df60923c49f43b4ac139195a81b7) Importer(815301076,1909f56bfc062723c751e8b465ee728b)  -> (artifact id: 'adc66f68526ad93a03e0b6b9d9ddf5f1') in 0.014717 seconds 
========================================================================
Received Import Request.
  Time since last request: 2.886487 seconds.
  path: Assets/Feel/FeelDemos/Wheel/Materials/FeelWheelRim.mat
  artifactKey: Guid(947b2f820c765bb4580381aec9a7523a) Importer(815301076,1909f56bfc062723c751e8b465ee728b)
Start importing Assets/Feel/FeelDemos/Wheel/Materials/FeelWheelRim.mat using Guid(947b2f820c765bb4580381aec9a7523a) Importer(815301076,1909f56bfc062723c751e8b465ee728b)  -> (artifact id: '3ab8539efc22b7c5537c44debaa093be') in 0.017271 seconds 
========================================================================
Received Import Request.
  Time since last request: 0.013879 seconds.
  path: Assets/Feel/FeelDemos/Wheel/Materials/FeelWheelSkybox.mat
  artifactKey: Guid(350c6e1db38d1664eab8ec022c4a2b8c) Importer(815301076,1909f56bfc062723c751e8b465ee728b)
Start importing Assets/Feel/FeelDemos/Wheel/Materials/FeelWheelSkybox.mat using Guid(350c6e1db38d1664eab8ec022c4a2b8c) Importer(815301076,1909f56bfc062723c751e8b465ee728b)  -> (artifact id: 'bf493e5aa702b43b6f98cd826060dd1c') in 0.009738 seconds 
========================================================================
Received Import Request.
  Time since last request: 0.013763 seconds.
  path: Assets/Feel/FeelDemos/Wheel/Materials/FeelWheelSparksMaterial.mat
  artifactKey: Guid(126e6e5ac31eb45e7892ac68883bb6e4) Importer(815301076,1909f56bfc062723c751e8b465ee728b)
Start importing Assets/Feel/FeelDemos/Wheel/Materials/FeelWheelSparksMaterial.mat using Guid(126e6e5ac31eb45e7892ac68883bb6e4) Importer(815301076,1909f56bfc062723c751e8b465ee728b)  -> (artifact id: '535e6e3c4b2629fcf2d2fee177cfa34d') in 0.083248 seconds 
========================================================================
Received Import Request.
  Time since last request: 5.365925 seconds.
  path: Assets/Feel/MMTools/Tools/MMTween/Demo/Fonts/Lato/SDF/Lato-BlackItalic SDF.asset
  artifactKey: Guid(0f830b4b35476a64095c922deaa35b72) Importer(815301076,1909f56bfc062723c751e8b465ee728b)
Start importing Assets/Feel/MMTools/Tools/MMTween/Demo/Fonts/Lato/SDF/Lato-BlackItalic SDF.asset using Guid(0f830b4b35476a64095c922deaa35b72) Importer(815301076,1909f56bfc062723c751e8b465ee728b)  -> (artifact id: 'cad19b3b079fa30566e7dcee909c8c09') in 0.041940 seconds 
========================================================================
Received Import Request.
  Time since last request: 1.750609 seconds.
  path: Assets/Feel/MMTools/Tools/MMTween/Demo/Fonts/Lato/SDF/Lato-SemiboldItalic SDF.asset
  artifactKey: Guid(7c954dac1de116b478a8154de93b2b6c) Importer(815301076,1909f56bfc062723c751e8b465ee728b)
Start importing Assets/Feel/MMTools/Tools/MMTween/Demo/Fonts/Lato/SDF/Lato-SemiboldItalic SDF.asset using Guid(7c954dac1de116b478a8154de93b2b6c) Importer(815301076,1909f56bfc062723c751e8b465ee728b)  -> (artifact id: '87768c493bcd60668ec6829a43a98341') in 0.022926 seconds 
========================================================================
Received Import Request.
  Time since last request: 0.000019 seconds.
  path: Assets/Feel/FeelDemos/Barbarians/Models/Materials/Leaves.mat
  artifactKey: Guid(2baaedc146e662a409f550424975eadc) Importer(815301076,1909f56bfc062723c751e8b465ee728b)
Start importing Assets/Feel/FeelDemos/Barbarians/Models/Materials/Leaves.mat using Guid(2baaedc146e662a409f550424975eadc) Importer(815301076,1909f56bfc062723c751e8b465ee728b)  -> (artifact id: 'c133fa8e49b5bff73fc9787cdb07b9b1') in 0.011754 seconds 
========================================================================
Received Import Request.
  Time since last request: 0.882998 seconds.
  path: Assets/TextMesh Pro/Resources/Fonts & Materials/LiberationSans SDF - Outline.mat
  artifactKey: Guid(79459efec17a4d00a321bdcc27bbc385) Importer(815301076,1909f56bfc062723c751e8b465ee728b)
Start importing Assets/TextMesh Pro/Resources/Fonts & Materials/LiberationSans SDF - Outline.mat using Guid(79459efec17a4d00a321bdcc27bbc385) Importer(815301076,1909f56bfc062723c751e8b465ee728b)  -> (artifact id: 'd1e29dc4f14e0d6d9b7660c29290e0c4') in 0.024935 seconds 
========================================================================
Received Import Request.
  Time since last request: 0.824777 seconds.
  path: Assets/Feel/MMTools/Tools/MMPrototypeTextures/MMBRP_Materials/MMBPR_BlueDots.mat
  artifactKey: Guid(391d11fb65b61014eb313e127073582f) Importer(815301076,1909f56bfc062723c751e8b465ee728b)
Start importing Assets/Feel/MMTools/Tools/MMPrototypeTextures/MMBRP_Materials/MMBPR_BlueDots.mat using Guid(391d11fb65b61014eb313e127073582f) Importer(815301076,1909f56bfc062723c751e8b465ee728b)  -> (artifact id: '6778bf0366e1680ca1bb28e3a931360a') in 0.192867 seconds 
========================================================================
Received Import Request.
  Time since last request: 0.256298 seconds.
  path: Assets/Feel/MMTools/Tools/MMPrototypeTextures/MMBRP_Materials/MMBPR_GreenDots.mat
  artifactKey: Guid(d19e7892e1d87fb4fb8433ec887fb8cc) Importer(815301076,1909f56bfc062723c751e8b465ee728b)
Start importing Assets/Feel/MMTools/Tools/MMPrototypeTextures/MMBRP_Materials/MMBPR_GreenDots.mat using Guid(d19e7892e1d87fb4fb8433ec887fb8cc) Importer(815301076,1909f56bfc062723c751e8b465ee728b)  -> (artifact id: '3a46af78ee22ed64a320e392042e68d5') in 0.017665 seconds 
========================================================================
Received Import Request.
  Time since last request: 0.413444 seconds.
  path: Assets/Feel/MMTools/Tools/MMPrototypeTextures/MMBRP_Materials/MMBPR_LightGreyDots.mat
  artifactKey: Guid(06b0ed03b4a01634c8b5eb55bc95df8d) Importer(815301076,1909f56bfc062723c751e8b465ee728b)
Start importing Assets/Feel/MMTools/Tools/MMPrototypeTextures/MMBRP_Materials/MMBPR_LightGreyDots.mat using Guid(06b0ed03b4a01634c8b5eb55bc95df8d) Importer(815301076,1909f56bfc062723c751e8b465ee728b)  -> (artifact id: '8a61b34b2f4ce14500a1ec72c7eae686') in 0.017695 seconds 
========================================================================
Received Import Request.
  Time since last request: 0.341966 seconds.
  path: Assets/Feel/MMTools/Tools/MMPrototypeTextures/MMBRP_Materials/MMBPR_RedSquares.mat
  artifactKey: Guid(1a9e66cbf3543a44cb2cf068585f07d4) Importer(815301076,1909f56bfc062723c751e8b465ee728b)
Start importing Assets/Feel/MMTools/Tools/MMPrototypeTextures/MMBRP_Materials/MMBPR_RedSquares.mat using Guid(1a9e66cbf3543a44cb2cf068585f07d4) Importer(815301076,1909f56bfc062723c751e8b465ee728b)  -> (artifact id: 'b5b5ec1d49ee1a03be9a87bb3d224fb2') in 0.017948 seconds 
========================================================================
Received Import Request.
  Time since last request: 0.392632 seconds.
  path: Assets/Feel/MMTools/Tools/MMMovement/Demo/MMFollowTargetDemoGroundMaterial.mat
  artifactKey: Guid(618ddfc15e28454459ee2236b25eb5be) Importer(815301076,1909f56bfc062723c751e8b465ee728b)
Start importing Assets/Feel/MMTools/Tools/MMMovement/Demo/MMFollowTargetDemoGroundMaterial.mat using Guid(618ddfc15e28454459ee2236b25eb5be) Importer(815301076,1909f56bfc062723c751e8b465ee728b)  -> (artifact id: 'b736b3db75f7b2ecb1a666ec21d63d1b') in 0.012629 seconds 
========================================================================
Received Import Request.
  Time since last request: 0.338989 seconds.
  path: Assets/Feel/MMTools/Tools/MMTween/Demo/Materials/MMPlotterPointMaterial 3.mat
  artifactKey: Guid(b2391ac266b519c4697705d56b09d303) Importer(815301076,1909f56bfc062723c751e8b465ee728b)
Start importing Assets/Feel/MMTools/Tools/MMTween/Demo/Materials/MMPlotterPointMaterial 3.mat using Guid(b2391ac266b519c4697705d56b09d303) Importer(815301076,1909f56bfc062723c751e8b465ee728b)  -> (artifact id: 'e11570f51934f40fd3bb86787ee06938') in 0.012947 seconds 
========================================================================
Received Import Request.
  Time since last request: 0.000018 seconds.
  path: Assets/Feel/MMTools/Tools/MMTween/Demo/Materials/MMPlotterPointMaterial 4.mat
  artifactKey: Guid(894fa61f3a6269747b79df1bd99a23cd) Importer(815301076,1909f56bfc062723c751e8b465ee728b)
Start importing Assets/Feel/MMTools/Tools/MMTween/Demo/Materials/MMPlotterPointMaterial 4.mat using Guid(894fa61f3a6269747b79df1bd99a23cd) Importer(815301076,1909f56bfc062723c751e8b465ee728b)  -> (artifact id: 'c5c18ff88ad548c1f66b7fc04bc463dd') in 0.008012 seconds 
========================================================================
Received Import Request.
  Time since last request: 0.358125 seconds.
  path: Assets/Feel/MMTools/Tools/MMTween/Demo/Materials/MMPlotterPointMaterial 9.mat
  artifactKey: Guid(b914d9edf82d3b2428f756651aafe78e) Importer(815301076,1909f56bfc062723c751e8b465ee728b)
Start importing Assets/Feel/MMTools/Tools/MMTween/Demo/Materials/MMPlotterPointMaterial 9.mat using Guid(b914d9edf82d3b2428f756651aafe78e) Importer(815301076,1909f56bfc062723c751e8b465ee728b)  -> (artifact id: '72062a962d805de4e658cd0c51624d60') in 0.009864 seconds 
========================================================================
Received Import Request.
  Time since last request: 1.879955 seconds.
  path: Assets/Feel/MMTools/Tools/MMVFX/MMRipple/MMRippleSaw1.mat
  artifactKey: Guid(b5cfff2a54f297f469c90648588cb9dc) Importer(815301076,1909f56bfc062723c751e8b465ee728b)
Start importing Assets/Feel/MMTools/Tools/MMVFX/MMRipple/MMRippleSaw1.mat using Guid(b5cfff2a54f297f469c90648588cb9dc) Importer(815301076,1909f56bfc062723c751e8b465ee728b)  -> (artifact id: 'f8d65245c03312cf7bdee2c7eef37d93') in 0.010480 seconds 
========================================================================
Received Import Request.
  Time since last request: 0.850170 seconds.
  path: Assets/Feel/MMFeedbacks/Demos/MMFeedbacksDemo/Models/Sphere.fbx
  artifactKey: Guid(d9c2d3b5b3491844cb195e03ee9e1524) Importer(815301076,1909f56bfc062723c751e8b465ee728b)
Start importing Assets/Feel/MMFeedbacks/Demos/MMFeedbacksDemo/Models/Sphere.fbx using Guid(d9c2d3b5b3491844cb195e03ee9e1524) Importer(815301076,1909f56bfc062723c751e8b465ee728b)  -> (artifact id: '48c523db981383824ed4d4d36d4cd7be') in 0.068461 seconds 
========================================================================
Received Import Request.
  Time since last request: 0.887768 seconds.
  path: Assets/Feel/MMFeedbacks/Demos/SequencingDemo/Materials/SequencerCarpet06.mat
  artifactKey: Guid(1a56e529cc6f9354ebe7986cb56493be) Importer(815301076,1909f56bfc062723c751e8b465ee728b)
Start importing Assets/Feel/MMFeedbacks/Demos/SequencingDemo/Materials/SequencerCarpet06.mat using Guid(1a56e529cc6f9354ebe7986cb56493be) Importer(815301076,1909f56bfc062723c751e8b465ee728b)  -> (artifact id: 'cd12318f2c92b2a62cddee1fb6e44af8') in 0.191606 seconds 
========================================================================
Received Import Request.
  Time since last request: 0.251576 seconds.
  path: Assets/Feel/MMFeedbacks/Demos/SequencingDemo/Materials/SequencerPaintedMetal.mat
  artifactKey: Guid(c010297598d35b24ea0bf283a1f77386) Importer(815301076,1909f56bfc062723c751e8b465ee728b)
Start importing Assets/Feel/MMFeedbacks/Demos/SequencingDemo/Materials/SequencerPaintedMetal.mat using Guid(c010297598d35b24ea0bf283a1f77386) Importer(815301076,1909f56bfc062723c751e8b465ee728b)  -> (artifact id: 'ad079900413a9faa655f0dc48130b241') in 0.015136 seconds 
Editor requested this worker to shutdown with reason: Scaling down because of idle timeout
AssetImportWorker is now disconnected from the server
Process exiting
Exiting without the bug reporter. Application will terminate with return code 0